{
  "stats": {
    "suites": 1,
    "tests": 1,
    "passes": 0,
    "pending": 0,
    "failures": 1,
    "start": "2022-06-07T03:16:12.717Z",
    "end": "2022-06-07T03:16:42.989Z",
    "duration": 30272,
    "testsRegistered": 1,
    "passPercent": 0,
    "pendingPercent": 0,
    "other": 0,
    "hasOther": false,
    "skipped": 0,
    "hasSkipped": false
  },
  "results": [
    {
      "uuid": "0eef97fb-3fb5-491c-a637-82fb7ca13182",
      "title": "",
      "fullFile": "cypress/integration/atlas-login.spec.js",
      "file": "cypress/integration/atlas-login.spec.js",
      "beforeHooks": [],
      "afterHooks": [],
      "tests": [],
      "suites": [
        {
          "uuid": "5c169ae8-a4c4-4227-927f-d82b02e8e5cd",
          "title": "Should enter Login Page",
          "fullFile": "",
          "file": "",
          "beforeHooks": [],
          "afterHooks": [],
          "tests": [
            {
              "title": "Should Not Login with Wrong credentials - API",
              "fullTitle": "Should enter Login Page Should Not Login with Wrong credentials - API",
              "timedOut": null,
              "duration": 30199,
              "state": "failed",
              "speed": null,
              "pass": false,
              "fail": true,
              "pending": false,
              "context": null,
              "code": "cy.request({\n  method: \"POST\",\n  url: \"http://atlasdev.eastus2.cloudapp.azure.com/api/v1/user/login\",\n  failOnStatusCode: false,\n  body: {\n    username: \"admin9999\",\n    password: \"wrongpassword\",\n    rememberMe: false\n  }\n}).then(response => {\n  let datos;\n  datos = JSON.parse(JSON.stringify(response.body)); //console.log(datos);\n  expect(datos.StatusCode).to.be.equal(400);\n  expect(datos.Detail).to.be.equal(\"Invalid login attempt.\");\n  expect(datos.Message).to.be.equal(\"*User Service*. Invalid Request Exception\");\n});",
              "err": {
                "message": "CypressError: `cy.request()` timed out waiting `30000ms` for a response from your server.\n\nThe request we sent was:\n\nMethod: POST\nURL: http://atlasdev.eastus2.cloudapp.azure.com/api/v1/user/login\n\nNo response was received within the timeout.\n\nhttps://on.cypress.io/request",
                "estack": "CypressError: `cy.request()` timed out waiting `30000ms` for a response from your server.\n\nThe request we sent was:\n\nMethod: POST\nURL: http://atlasdev.eastus2.cloudapp.azure.com/api/v1/user/login\n\nNo response was received within the timeout.\n\nhttps://on.cypress.io/request\n    at http://localhost:64629/__cypress/runner/cypress_runner.js:165452:78\n    at tryCatcher (http://localhost:64629/__cypress/runner/cypress_runner.js:13022:23)\n    at http://localhost:64629/__cypress/runner/cypress_runner.js:8144:41\n    at tryCatcher (http://localhost:64629/__cypress/runner/cypress_runner.js:13022:23)\n    at Promise._settlePromiseFromHandler (http://localhost:64629/__cypress/runner/cypress_runner.js:10957:31)\n    at Promise._settlePromise (http://localhost:64629/__cypress/runner/cypress_runner.js:11014:18)\n    at Promise._settlePromise0 (http://localhost:64629/__cypress/runner/cypress_runner.js:11059:10)\n    at Promise._settlePromises (http://localhost:64629/__cypress/runner/cypress_runner.js:11135:18)\n    at _drainQueueStep (http://localhost:64629/__cypress/runner/cypress_runner.js:7729:12)\n    at _drainQueue (http://localhost:64629/__cypress/runner/cypress_runner.js:7722:9)\n    at Async.../../node_modules/bluebird/js/release/async.js.Async._drainQueues (http://localhost:64629/__cypress/runner/cypress_runner.js:7738:5)\n    at Async.drainQueues (http://localhost:64629/__cypress/runner/cypress_runner.js:7608:14)\nFrom Your Spec Code:\n    at Context.eval (http://localhost:64629/__cypress/tests?p=cypress\\integration\\atlas-login.spec.js:123:8)",
                "diff": null
              },
              "uuid": "f5a49e38-58ad-447f-87fd-94cc66656ddc",
              "parentUUID": "5c169ae8-a4c4-4227-927f-d82b02e8e5cd",
              "isHook": false,
              "skipped": false
            }
          ],
          "suites": [],
          "passes": [],
          "failures": [
            "f5a49e38-58ad-447f-87fd-94cc66656ddc"
          ],
          "pending": [],
          "skipped": [],
          "duration": 30199,
          "root": false,
          "rootEmpty": false,
          "_timeout": 2000
        }
      ],
      "passes": [],
      "failures": [],
      "pending": [],
      "skipped": [],
      "duration": 0,
      "root": true,
      "rootEmpty": true,
      "_timeout": 2000
    }
  ],
  "meta": {
    "mocha": {
      "version": "7.0.1"
    },
    "mochawesome": {
      "options": {
        "quiet": false,
        "reportFilename": "mochawesome",
        "saveHtml": true,
        "saveJson": true,
        "consoleReporter": "spec",
        "useInlineDiffs": false,
        "code": true
      },
      "version": "7.1.3"
    },
    "marge": {
      "options": {
        "id": "default",
        "reportDir": "cypress/reports/mocha",
        "quite": true,
        "overwrite": false,
        "html": true,
        "json": true,
        "timestamp": "ddmmyyy_HHMM_ss",
        "charts": true,
        "reportPageTitle": "My Test Suite - Example Jona",
        "embeddedScreenshots": true,
        "inlineAssets": true
      },
      "version": "6.2.0"
    }
  }
}