{
  "stats": {
    "suites": 1,
    "tests": 1,
    "passes": 1,
    "pending": 0,
    "failures": 0,
    "start": "2022-06-06T23:39:21.342Z",
    "end": "2022-06-06T23:39:24.518Z",
    "duration": 3176,
    "testsRegistered": 1,
    "passPercent": 100,
    "pendingPercent": 0,
    "other": 0,
    "hasOther": false,
    "skipped": 0,
    "hasSkipped": false
  },
  "results": [
    {
      "uuid": "248eee4f-1f17-43b1-94cd-33883fc61bce",
      "title": "",
      "fullFile": "cypress/integration/atlas-login.spec.js",
      "file": "cypress/integration/atlas-login.spec.js",
      "beforeHooks": [],
      "afterHooks": [],
      "tests": [],
      "suites": [
        {
          "uuid": "128172ee-cad3-4297-9328-a82c40d0c575",
          "title": "Should enter Login Page",
          "fullFile": "",
          "file": "",
          "beforeHooks": [],
          "afterHooks": [],
          "tests": [
            {
              "title": "Should Not Login with Wrong credentials - API",
              "fullTitle": "Should enter Login Page Should Not Login with Wrong credentials - API",
              "timedOut": null,
              "duration": 3147,
              "state": "passed",
              "speed": "fast",
              "pass": true,
              "fail": false,
              "pending": false,
              "context": null,
              "code": "cy.request({\n  method: \"POST\",\n  url: \"http://atlasdev.eastus2.cloudapp.azure.com/api/v1/user/login\",\n  failOnStatusCode: false,\n  body: {\n    username: \"admin9999\",\n    password: \"wrongpassword\",\n    rememberMe: false\n  }\n}).then(response => {\n  let datos;\n  datos = JSON.parse(JSON.stringify(response.body)); //console.log(datos);\n  expect(datos.StatusCode).to.be.equal(400);\n  expect(datos.Detail).to.be.equal(\"Invalid login attempt.\");\n  expect(datos.Message).to.be.equal(\"*User Service*. Invalid Request Exception\");\n});",
              "err": {},
              "uuid": "2a5882a8-06de-4091-a4a7-209f721c7452",
              "parentUUID": "128172ee-cad3-4297-9328-a82c40d0c575",
              "isHook": false,
              "skipped": false
            }
          ],
          "suites": [],
          "passes": [
            "2a5882a8-06de-4091-a4a7-209f721c7452"
          ],
          "failures": [],
          "pending": [],
          "skipped": [],
          "duration": 3147,
          "root": false,
          "rootEmpty": false,
          "_timeout": 2000
        }
      ],
      "passes": [],
      "failures": [],
      "pending": [],
      "skipped": [],
      "duration": 0,
      "root": true,
      "rootEmpty": true,
      "_timeout": 2000
    }
  ],
  "meta": {
    "mocha": {
      "version": "7.0.1"
    },
    "mochawesome": {
      "options": {
        "quiet": false,
        "reportFilename": "mochawesome",
        "saveHtml": true,
        "saveJson": true,
        "consoleReporter": "spec",
        "useInlineDiffs": false,
        "code": true
      },
      "version": "7.1.3"
    },
    "marge": {
      "options": {
        "id": "default",
        "reportDir": "cypress/reports/mocha",
        "quite": true,
        "overwrite": false,
        "html": true,
        "json": true,
        "timestamp": "ddmmyyy_HHMM_ss",
        "charts": true,
        "reportPageTitle": "My Test Suite - Example Jona",
        "embeddedScreenshots": true,
        "inlineAssets": true
      },
      "version": "6.2.0"
    }
  }
}